[debug] [2025-12-06T08:21:35.577Z] ----------------------------------------------------------------------
[debug] [2025-12-06T08:21:35.580Z] Command:       C:\Program Files\nodejs\node.exe C:\Users\岡本　晃一\AppData\Roaming\npm\node_modules\firebase-tools\lib\bin\firebase.js emulators:exec --only firestore,auth,storage npm run dev --prefix web
[debug] [2025-12-06T08:21:35.580Z] CLI Version:   14.24.1
[debug] [2025-12-06T08:21:35.580Z] Platform:      win32
[debug] [2025-12-06T08:21:35.580Z] Node Version:  v24.11.0
[debug] [2025-12-06T08:21:35.580Z] Time:          Sat Dec 06 2025 17:21:35 GMT+0900 (日本標準時)
[debug] [2025-12-06T08:21:35.580Z] ----------------------------------------------------------------------
[debug] 
[debug] [2025-12-06T08:21:35.742Z] Object "/emulators" in "firebase.json" has unknown property: {"additionalProperty":"host"}
[debug] [2025-12-06T08:21:35.746Z] > command requires scopes: ["email","openid","https://www.googleapis.com/auth/cloudplatformprojects.readonly","https://www.googleapis.com/auth/firebase","https://www.googleapis.com/auth/cloud-platform"]
[debug] [2025-12-06T08:21:35.747Z] > authorizing via signed-in user (okamoto@al-pa-ca.com)
[debug] [2025-12-06T08:21:35.806Z] openjdk version "17.0.17" 2025-10-21 LTS

[debug] [2025-12-06T08:21:35.807Z] OpenJDK Runtime Environment Microsoft-12574423 (build 17.0.17+10-LTS)
OpenJDK 64-Bit Server VM Microsoft-12574423 (build 17.0.17+10-LTS, mixed mode, sharing)

[debug] [2025-12-06T08:21:35.832Z] Parsed Java major version: 17
[warn] !!  emulators: firebase-tools will drop support for Java version < 21 soon in firebase-tools@15. Please install a JDK at version 21 or above to get a compatible runtime. 
[info] i  emulators: Starting emulators: auth, firestore, storage {"metadata":{"emulator":{"name":"hub"},"message":"Starting emulators: auth, firestore, storage"}}
[debug] [2025-12-06T08:21:35.844Z] [logging] Logging Emulator only supports listening on one address (127.0.0.1). Not listening on ::1
[debug] [2025-12-06T08:21:35.845Z] [auth] Authentication Emulator only supports listening on one address (127.0.0.1). Not listening on ::1
[debug] [2025-12-06T08:21:35.845Z] [firestore] Firestore Emulator only supports listening on one address (127.0.0.1). Not listening on ::1
[debug] [2025-12-06T08:21:35.845Z] [firestore.websocket] websocket server for firestore only supports listening on one address (127.0.0.1). Not listening on ::1
[debug] [2025-12-06T08:21:35.845Z] [storage] Storage Emulator only supports listening on one address (127.0.0.1). Not listening on ::1
[debug] [2025-12-06T08:21:35.845Z] assigned listening specs for emulators {"user":{"hub":[{"address":"127.0.0.1","family":"IPv4","port":4400},{"address":"::1","family":"IPv6","port":4400}],"logging":[{"address":"127.0.0.1","family":"IPv4","port":4500}],"auth":[{"address":"127.0.0.1","family":"IPv4","port":9099}],"firestore":[{"address":"127.0.0.1","family":"IPv4","port":8080}],"firestore.websocket":[{"address":"127.0.0.1","family":"IPv4","port":9150}],"storage":[{"address":"127.0.0.1","family":"IPv4","port":9199}]},"metadata":{"message":"assigned listening specs for emulators"}}
[debug] [2025-12-06T08:21:35.849Z] Emulator locator file path: C:\Users\岡本　~1\AppData\Local\Temp\hub-kobe-maruka-alpaca.json
[debug] [2025-12-06T08:21:35.849Z] [hub] writing locator at C:\Users\岡本　~1\AppData\Local\Temp\hub-kobe-maruka-alpaca.json
[debug] [2025-12-06T08:21:35.857Z] Checked if tokens are valid: true, expires at: 1765010286236
[debug] [2025-12-06T08:21:35.857Z] Checked if tokens are valid: true, expires at: 1765010286236
[debug] [2025-12-06T08:21:35.858Z] >>> [apiv2][query] GET https://firebase.googleapis.com/v1beta1/projects/kobe-maruka-alpaca [none]
[debug] [2025-12-06T08:21:36.305Z] <<< [apiv2][status] GET https://firebase.googleapis.com/v1beta1/projects/kobe-maruka-alpaca 200
[debug] [2025-12-06T08:21:36.305Z] <<< [apiv2][body] GET https://firebase.googleapis.com/v1beta1/projects/kobe-maruka-alpaca {"projectId":"kobe-maruka-alpaca","projectNumber":"271899361690","displayName":"Kobe-maruka-alpaca","name":"projects/kobe-maruka-alpaca","resources":{"hostingSite":"kobe-maruka-alpaca"},"state":"ACTIVE","etag":"1_4fdb8822-0cf2-4f7b-9e85-666e6be772de"}
[warn] !  firestore: Cloud Firestore Emulator does not support multiple databases yet. {"metadata":{"emulator":{"name":"firestore"},"message":"Cloud Firestore Emulator does not support multiple databases yet."}}
[warn] !  firestore: Did not find a Cloud Firestore rules file specified in a firebase.json config file. {"metadata":{"emulator":{"name":"firestore"},"message":"Did not find a Cloud Firestore rules file specified in a firebase.json config file."}}
[warn] !  firestore: The emulator will default to allowing all reads and writes. Learn more about this option: https://firebase.google.com/docs/emulator-suite/install_and_configure#security_rules_configuration. {"metadata":{"emulator":{"name":"firestore"},"message":"The emulator will default to allowing all reads and writes. Learn more about this option: https://firebase.google.com/docs/emulator-suite/install_and_configure#security_rules_configuration."}}
[debug] [2025-12-06T08:21:36.309Z] Ignoring unsupported arg: auto_download {"metadata":{"emulator":{"name":"firestore"},"message":"Ignoring unsupported arg: auto_download"}}
[debug] [2025-12-06T08:21:36.309Z] Ignoring unsupported arg: single_project_mode_error {"metadata":{"emulator":{"name":"firestore"},"message":"Ignoring unsupported arg: single_project_mode_error"}}
[debug] [2025-12-06T08:21:36.309Z] Starting Firestore Emulator with command {"binary":"java","args":["-Dgoogle.cloud_firestore.debug_log_level=FINE","-Duser.language=en","-jar","C:\\Users\\岡本　晃一\\.cache\\firebase\\emulators\\cloud-firestore-emulator-v1.19.8.jar","--host","127.0.0.1","--port",8080,"--websocket_port",9150,"--project_id","kobe-maruka-alpaca","--single_project_mode",true],"optionalArgs":["port","webchannel_port","host","rules","websocket_port","functions_emulator","seed_from_export","project_id","single_project_mode"],"joinArgs":false,"shell":false,"port":8080} {"metadata":{"emulator":{"name":"firestore"},"message":"Starting Firestore Emulator with command {\"binary\":\"java\",\"args\":[\"-Dgoogle.cloud_firestore.debug_log_level=FINE\",\"-Duser.language=en\",\"-jar\",\"C:\\\\Users\\\\岡本　晃一\\\\.cache\\\\firebase\\\\emulators\\\\cloud-firestore-emulator-v1.19.8.jar\",\"--host\",\"127.0.0.1\",\"--port\",8080,\"--websocket_port\",9150,\"--project_id\",\"kobe-maruka-alpaca\",\"--single_project_mode\",true],\"optionalArgs\":[\"port\",\"webchannel_port\",\"host\",\"rules\",\"websocket_port\",\"functions_emulator\",\"seed_from_export\",\"project_id\",\"single_project_mode\"],\"joinArgs\":false,\"shell\":false,\"port\":8080}"}}
[info] i  firestore: Firestore Emulator logging to firestore-debug.log {"metadata":{"emulator":{"name":"firestore"},"message":"Firestore Emulator logging to \u001b[1mfirestore-debug.log\u001b[22m"}}
[debug] [2025-12-06T08:21:37.308Z] Dec 06, 2025 5:21:37 PM com.google.cloud.datastore.emulator.firestore.websocket.WebSocketServer start
INFO: Started WebSocket server on ws://127.0.0.1:9150
 {"metadata":{"emulator":{"name":"firestore"},"message":"Dec 06, 2025 5:21:37 PM com.google.cloud.datastore.emulator.firestore.websocket.WebSocketServer start\r\nINFO: Started WebSocket server on ws://127.0.0.1:9150\r\n"}}
[debug] [2025-12-06T08:21:37.350Z] API endpoint: http:// {"metadata":{"emulator":{"name":"firestore"},"message":"API endpoint: http://"}}
[debug] [2025-12-06T08:21:37.350Z] 127.0.0.1:8080
If you are using a library that supports the FIRESTORE_EMULATOR_HOST environment variable, run:

   export FIRESTORE_EMULATOR_HOST=127.0.0.1:8080

If you are running a Firestore in Datastore Mode project, run:

   export DATASTORE_EMULATOR_HOST=127.0.0.1:8080

Note: Support for Datastore Mode is in preview. If you encounter any bugs please file at https://github.com/firebase/firebase-tools/issues.
Dev App Server is now running.

 {"metadata":{"emulator":{"name":"firestore"},"message":"127.0.0.1:8080\nIf you are using a library that supports the FIRESTORE_EMULATOR_HOST environment variable, run:\r\n\n   export FIRESTORE_EMULATOR_HOST=127.0.0.1:8080\n\nIf you are running a Firestore in Datastore Mode project, run:\r\n\n   export DATASTORE_EMULATOR_HOST=127.0.0.1:8080\n\nNote: Support for Datastore Mode is in preview. If you encounter any bugs please file at https://github.com/firebase/firebase-tools/issues.\r\nDev App Server is now running.\n\r\n"}}
[info] +  firestore: Firestore Emulator UI websocket is running on 9150. {"metadata":{"emulator":{"name":"firestore"},"message":"Firestore Emulator UI websocket is running on 9150."}}
[debug] [2025-12-06T08:21:42.398Z] Ignoring unsupported arg: port {"metadata":{"emulator":{"name":"storage"},"message":"Ignoring unsupported arg: port"}}
[debug] [2025-12-06T08:21:43.026Z] Temp file directory for storage emulator: C:\Users\岡本　~1\AppData\Local\Temp/firebase/storage/blobs {"metadata":{"emulator":{"name":"storage"},"message":"Temp file directory for storage emulator: C:\\Users\\岡本　~1\\AppData\\Local\\Temp/firebase/storage/blobs"}}
[debug] [2025-12-06T08:21:43.036Z] Could not find VSCode notification endpoint: FetchError: request to http://localhost:40001/vscode/notify failed, reason: . If you are not running the Firebase Data Connect VSCode extension, this is expected and not an issue.
[info] i  Running script: npm run dev --prefix web 
[debug] [2025-12-06T08:21:43.043Z] Running npm run dev --prefix web with environment {"ALLUSERSPROFILE":"C:\\ProgramData","ANTIGRAVITY_CLI_ALIAS":"agy","APPDATA":"C:\\Users\\岡本　晃一\\AppData\\Roaming","CHROME_CRASHPAD_PIPE_NAME":"\\\\.\\pipe\\crashpad_12824_QPDRCVXPKWCXLJJH","COLOR":"1","COLORTERM":"truecolor","CommonProgramFiles":"C:\\Program Files\\Common Files","CommonProgramFiles(x86)":"C:\\Program Files (x86)\\Common Files","CommonProgramW6432":"C:\\Program Files\\Common Files","COMPUTERNAME":"LAPTOP-GTMLTO04","ComSpec":"C:\\WINDOWS\\system32\\cmd.exe","DriverData":"C:\\Windows\\System32\\Drivers\\DriverData","EDITOR":"C:\\WINDOWS\\notepad.exe","EFC_10164_1262719628":"1","EFC_10164_1592913036":"1","EFC_10164_2283032206":"1","EFC_10164_2775293581":"1","EFC_10164_3789132940":"1","FPS_BROWSER_APP_PROFILE_STRING":"Internet Explorer","FPS_BROWSER_USER_PROFILE_STRING":"Default","GIT_ASKPASS":"c:\\Users\\岡本　晃一\\AppData\\Local\\Programs\\Antigravity\\resources\\app\\extensions\\git\\dist\\askpass.sh","HOME":"C:\\Users\\岡本　晃一","HOMEDRIVE":"C:","HOMEPATH":"\\Users\\岡本　晃一","INIT_CWD":"C:\\Users\\岡本　晃一\\projects\\kobe-maruka-project","IS_FIREBASE_CLI":"true","JAVA_HOME":"C:\\Program Files\\Microsoft\\jdk-17.0.17.10-hotspot\\","LANG":"ja_JP.UTF-8","LOCALAPPDATA":"C:\\Users\\岡本　晃一\\AppData\\Local","LOGONSERVER":"\\\\LAPTOP-GTMLTO04","NODE":"C:\\Program Files\\nodejs\\node.exe","NODE_EXE":"C:\\Program Files\\nodejs\\\\node.exe","npm_command":"exec","npm_config_cache":"C:\\Users\\岡本　晃一\\AppData\\Local\\npm-cache","npm_config_globalconfig":"C:\\Users\\岡本　晃一\\AppData\\Roaming\\npm\\etc\\npmrc","npm_config_global_prefix":"C:\\Users\\岡本　晃一\\AppData\\Roaming\\npm","npm_config_init_module":"C:\\Users\\岡本　晃一\\.npm-init.js","npm_config_local_prefix":"C:\\Users\\岡本　晃一\\projects\\kobe-maruka-project","npm_config_node_gyp":"C:\\Program Files\\nodejs\\node_modules\\npm\\node_modules\\node-gyp\\bin\\node-gyp.js","npm_config_noproxy":"","npm_config_npm_version":"11.6.1","npm_config_prefix":"C:\\Users\\岡本　晃一\\AppData\\Roaming\\npm","npm_config_userconfig":"C:\\Users\\岡本　晃一\\.npmrc","npm_config_user_agent":"npm/11.6.1 node/v24.11.0 win32 x64 workspaces/false","npm_execpath":"C:\\Program Files\\nodejs\\node_modules\\npm\\bin\\npm-cli.js","npm_lifecycle_event":"npx","npm_lifecycle_script":"firebase","npm_node_execpath":"C:\\Program Files\\nodejs\\node.exe","npm_package_json":"C:\\Users\\岡本　晃一\\projects\\kobe-maruka-project\\package.json","npm_package_name":"kobe-maruka-project","npm_package_version":"1.0.0","NPM_PREFIX_JS":"C:\\Program Files\\nodejs\\\\node_modules\\npm\\bin\\npm-prefix.js","NPM_PREFIX_NPX_CLI_JS":"C:\\Users\\蟯｡譛ｬ縲譎・ｸ\\AppData\\Roaming\\npm\\node_modules\\npm\\bin\\npx-cli.js","NPX_CLI_JS":"C:\\Program Files\\nodejs\\\\node_modules\\npm\\bin\\npx-cli.js","NUMBER_OF_PROCESSORS":"12","OneDrive":"C:\\Users\\岡本　晃一\\OneDrive","OneDriveConsumer":"C:\\Users\\岡本　晃一\\OneDrive","ORIGINAL_XDG_CURRENT_DESKTOP":"undefined","OS":"Windows_NT","Path":"C:\\Users\\岡本　晃一\\AppData\\Roaming\\npm;C:\\Users\\岡本　晃一\\projects\\kobe-maruka-project\\node_modules\\.bin;C:\\Users\\岡本　晃一\\projects\\node_modules\\.bin;C:\\Users\\岡本　晃一\\node_modules\\.bin;C:\\Users\\node_modules\\.bin;C:\\node_modules\\.bin;C:\\Program Files\\nodejs\\node_modules\\npm\\node_modules\\@npmcli\\run-script\\lib\\node-gyp-bin;C:\\Users\\岡本　晃一\\projects\\kobe-maruka-project\\node_modules\\.bin;C:\\Users\\岡本　晃一\\projects\\node_modules\\.bin;C:\\Users\\岡本　晃一\\node_modules\\.bin;C:\\Users\\node_modules\\.bin;C:\\node_modules\\.bin;C:\\Program Files\\nodejs\\node_modules\\npm\\node_modules\\@npmcli\\run-script\\lib\\node-gyp-bin;C:\\Program Files\\Microsoft\\jdk-17.0.17.10-hotspot\\bin;C:\\Windows\\system32;C:\\Windows;C:\\Windows\\System32\\Wbem;C:\\Windows\\System32\\WindowsPowerShell\\v1.0\\;C:\\Windows\\System32\\OpenSSH\\;C:\\Program Files (x86)\\NVIDIA Corporation\\PhysX\\Common;C:\\WINDOWS\\system32;C:\\WINDOWS;C:\\WINDOWS\\System32\\Wbem;C:\\WINDOWS\\System32\\WindowsPowerShell\\v1.0\\;C:\\WINDOWS\\System32\\OpenSSH\\;C:\\Program Files\\dotnet\\;C:\\Program Files\\NVIDIA Corporation\\NVIDIA app\\NvDLISR;C:\\Program Files\\nodejs\\;C:\\Program Files\\Git\\cmd;C:\\Program Files\\GitHub CLI\\;C:\\Users\\岡本　晃一\\AppData\\Local\\Programs\\Python\\Python39\\Scripts\\;C:\\Users\\岡本　晃一\\AppData\\Local\\Programs\\Python\\Python39\\;C:\\Users\\岡本　晃一\\AppData\\Local\\Programs\\Python\\Python312\\Scripts\\;C:\\Users\\岡本　晃一\\AppData\\Local\\Programs\\Python\\Python312\\;C:\\Users\\岡本　晃一\\AppData\\Local\\Microsoft\\WindowsApps;C:\\Users\\岡本　晃一\\.dotnet\\tools;C:\\Users\\岡本　晃一\\AppData\\Local\\Programs\\Microsoft VS Code\\bin;C:\\ffmpeg\\bin;C:\\exchanger\\poppler-24.08.0\\Library\\bin;C:\\Users\\岡本　晃一\\AppData\\Local\\Google\\Cloud SDK\\google-cloud-sdk\\bin;C:\\Users\\岡本　晃一\\AppData\\Roaming\\npm;C:\\Users\\岡本　晃一\\AppData\\Local\\Programs\\Antigravity\\bin","PATHEXT":".COM;.EXE;.BAT;.CMD;.VBS;.VBE;.JS;.JSE;.WSF;.WSH;.MSC;.CPL","PROCESSOR_ARCHITECTURE":"AMD64","PROCESSOR_IDENTIFIER":"AMD64 Family 25 Model 80 Stepping 0, AuthenticAMD","PROCESSOR_LEVEL":"25","PROCESSOR_REVISION":"5000","ProgramData":"C:\\ProgramData","ProgramFiles":"C:\\Program Files","ProgramFiles(x86)":"C:\\Program Files (x86)","ProgramW6432":"C:\\Program Files","PROMPT":"$P$G","PSModulePath":"C:\\Users\\岡本　晃一\\Documents\\WindowsPowerShell\\Modules;C:\\Program Files\\WindowsPowerShell\\Modules;C:\\WINDOWS\\system32\\WindowsPowerShell\\v1.0\\Modules","PUBLIC":"C:\\Users\\Public","SESSIONNAME":"Console","SystemDrive":"C:","SystemRoot":"C:\\WINDOWS","TEMP":"C:\\Users\\岡本　~1\\AppData\\Local\\Temp","TERM_PROGRAM":"vscode","TERM_PROGRAM_VERSION":"1.104.0","TMP":"C:\\Users\\岡本　~1\\AppData\\Local\\Temp","USERDOMAIN":"LAPTOP-GTMLTO04","USERDOMAIN_ROAMINGPROFILE":"LAPTOP-GTMLTO04","USERNAME":"岡本　晃一","USERPROFILE":"C:\\Users\\岡本　晃一","VBOX_HWVIRTEX_IGNORE_SVM_IN_USE":"1","VSCODE_GIT_ASKPASS_EXTRA_ARGS":"","VSCODE_GIT_ASKPASS_MAIN":"c:\\Users\\岡本　晃一\\AppData\\Local\\Programs\\Antigravity\\resources\\app\\extensions\\git\\dist\\askpass-main.js","VSCODE_GIT_ASKPASS_NODE":"C:\\Users\\岡本　晃一\\AppData\\Local\\Programs\\Antigravity\\Antigravity.exe","VSCODE_GIT_IPC_HANDLE":"\\\\.\\pipe\\vscode-git-a387e5f5f7-sock","VSCODE_INJECTION":"1","VSCODE_PYTHON_AUTOACTIVATE_GUARD":"1","windir":"C:\\WINDOWS","GCLOUD_PROJECT":"kobe-maruka-alpaca","FIREBASE_CONFIG":"{\"projectId\":\"kobe-maruka-alpaca\",\"storageBucket\":\"kobe-maruka-alpaca.appspot.com\",\"databaseURL\":\"https://kobe-maruka-alpaca.firebaseio.com\"}","FIREBASE_EMULATOR_HUB":"127.0.0.1:4400","FIREBASE_AUTH_EMULATOR_HOST":"127.0.0.1:9099","FIRESTORE_EMULATOR_HOST":"127.0.0.1:8080","FIREBASE_FIRESTORE_EMULATOR_ADDRESS":"127.0.0.1:8080","FIREBASE_STORAGE_EMULATOR_HOST":"127.0.0.1:9199","STORAGE_EMULATOR_HOST":"http://127.0.0.1:9199"}
[debug] [2025-12-06T08:21:46.270Z] Dec 06, 2025 5:21:46 PM io.gapi.emulators.netty.HttpVersionRoutingHandler channelRead
INFO: Detected non-HTTP/2 connection.
 {"metadata":{"emulator":{"name":"firestore"},"message":"Dec 06, 2025 5:21:46 PM io.gapi.emulators.netty.HttpVersionRoutingHandler channelRead\r\nINFO: Detected non-HTTP/2 connection.\r\n"}}
[debug] [2025-12-06T08:21:48.034Z] Dec 06, 2025 5:21:48 PM io.gapi.emulators.netty.HttpVersionRoutingHandler channelRead
INFO: Detected non-HTTP/2 connection.
 {"metadata":{"emulator":{"name":"firestore"},"message":"Dec 06, 2025 5:21:48 PM io.gapi.emulators.netty.HttpVersionRoutingHandler channelRead\r\nINFO: Detected non-HTTP/2 connection.\r\n"}}
[debug] [2025-12-06T08:21:48.987Z] Dec 06, 2025 5:21:48 PM io.gapi.emulators.netty.HttpVersionRoutingHandler channelRead
INFO: Detected non-HTTP/2 connection.
 {"metadata":{"emulator":{"name":"firestore"},"message":"Dec 06, 2025 5:21:48 PM io.gapi.emulators.netty.HttpVersionRoutingHandler channelRead\r\nINFO: Detected non-HTTP/2 connection.\r\n"}}
[debug] [2025-12-06T08:21:49.001Z] Dec 06, 2025 5:21:49 PM io.gapi.emulators.netty.HttpVersionRoutingHandler channelRead
INFO: Detected non-HTTP/2 connection.
 {"metadata":{"emulator":{"name":"firestore"},"message":"Dec 06, 2025 5:21:49 PM io.gapi.emulators.netty.HttpVersionRoutingHandler channelRead\r\nINFO: Detected non-HTTP/2 connection.\r\n"}}
[debug] [2025-12-06T08:21:49.169Z] Dec 06, 2025 5:21:49 PM io.gapi.emulators.netty.HttpVersionRoutingHandler channelRead
INFO: Detected HTTP/2 connection.
 {"metadata":{"emulator":{"name":"firestore"},"message":"Dec 06, 2025 5:21:49 PM io.gapi.emulators.netty.HttpVersionRoutingHandler channelRead\r\nINFO: Detected HTTP/2 connection.\r\n"}}
[debug] [2025-12-06T08:22:10.111Z] Dec 06, 2025 5:22:10 PM io.gapi.emulators.netty.HttpVersionRoutingHandler channelRead
INFO: Detected non-HTTP/2 connection.
 {"metadata":{"emulator":{"name":"firestore"},"message":"Dec 06, 2025 5:22:10 PM io.gapi.emulators.netty.HttpVersionRoutingHandler channelRead\r\nINFO: Detected non-HTTP/2 connection.\r\n"}}
[debug] [2025-12-06T08:22:10.117Z] Dec 06, 2025 5:22:10 PM com.google.cloud.datastore.emulator.firestore.webchannel.FirestoreV1WebChannelAdapter$FirestoreListenHandler onClose
INFO: channel closed
 {"metadata":{"emulator":{"name":"firestore"},"message":"Dec 06, 2025 5:22:10 PM com.google.cloud.datastore.emulator.firestore.webchannel.FirestoreV1WebChannelAdapter$FirestoreListenHandler onClose\r\nINFO: channel closed\r\n"}}
[debug] [2025-12-06T08:22:38.917Z] Dec 06, 2025 5:22:38 PM io.gapi.emulators.netty.HttpVersionRoutingHandler channelRead
INFO: Detected non-HTTP/2 connection.
 {"metadata":{"emulator":{"name":"firestore"},"message":"Dec 06, 2025 5:22:38 PM io.gapi.emulators.netty.HttpVersionRoutingHandler channelRead\r\nINFO: Detected non-HTTP/2 connection.\r\n"}}
[debug] [2025-12-06T08:22:38.954Z] Dec 06, 2025 5:22:38 PM io.gapi.emulators.netty.HttpVersionRoutingHandler channelRead
INFO: Detected non-HTTP/2 connection.
 {"metadata":{"emulator":{"name":"firestore"},"message":"Dec 06, 2025 5:22:38 PM io.gapi.emulators.netty.HttpVersionRoutingHandler channelRead\r\nINFO: Detected non-HTTP/2 connection.\r\n"}}
[debug] [2025-12-06T08:22:38.964Z] Dec 06, 2025 5:22:38 PM io.gapi.emulators.netty.HttpVersionRoutingHandler channelRead
INFO: Detected non-HTTP/2 connection.
 {"metadata":{"emulator":{"name":"firestore"},"message":"Dec 06, 2025 5:22:38 PM io.gapi.emulators.netty.HttpVersionRoutingHandler channelRead\r\nINFO: Detected non-HTTP/2 connection.\r\n"}}
[debug] [2025-12-06T08:23:38.749Z] Dec 06, 2025 5:23:38 PM io.gapi.emulators.netty.HttpVersionRoutingHandler channelRead
INFO: Detected non-HTTP/2 connection.
 {"metadata":{"emulator":{"name":"firestore"},"message":"Dec 06, 2025 5:23:38 PM io.gapi.emulators.netty.HttpVersionRoutingHandler channelRead\r\nINFO: Detected non-HTTP/2 connection.\r\n"}}
[debug] [2025-12-06T08:23:38.767Z] Dec 06, 2025 5:23:38 PM io.gapi.emulators.netty.HttpVersionRoutingHandler channelRead
INFO: Detected non-HTTP/2 connection.
 {"metadata":{"emulator":{"name":"firestore"},"message":"Dec 06, 2025 5:23:38 PM io.gapi.emulators.netty.HttpVersionRoutingHandler channelRead\r\nINFO: Detected non-HTTP/2 connection.\r\n"}}
[debug] [2025-12-06T08:23:38.778Z] Dec 06, 2025 5:23:38 PM io.gapi.emulators.netty.HttpVersionRoutingHandler channelRead
INFO: Detected non-HTTP/2 connection.
 {"metadata":{"emulator":{"name":"firestore"},"message":"Dec 06, 2025 5:23:38 PM io.gapi.emulators.netty.HttpVersionRoutingHandler channelRead\r\nINFO: Detected non-HTTP/2 connection.\r\n"}}
[debug] [2025-12-06T08:23:42.655Z] Dec 06, 2025 5:23:42 PM io.gapi.emulators.netty.HttpVersionRoutingHandler channelRead
INFO: Detected non-HTTP/2 connection.
 {"metadata":{"emulator":{"name":"firestore"},"message":"Dec 06, 2025 5:23:42 PM io.gapi.emulators.netty.HttpVersionRoutingHandler channelRead\r\nINFO: Detected non-HTTP/2 connection.\r\n"}}
[debug] [2025-12-06T08:23:54.058Z] Dec 06, 2025 5:23:54 PM io.gapi.emulators.netty.HttpVersionRoutingHandler channelRead
INFO: Detected non-HTTP/2 connection.
 {"metadata":{"emulator":{"name":"firestore"},"message":"Dec 06, 2025 5:23:54 PM io.gapi.emulators.netty.HttpVersionRoutingHandler channelRead\r\nINFO: Detected non-HTTP/2 connection.\r\n"}}
[debug] [2025-12-06T08:23:54.074Z] Dec 06, 2025 5:23:54 PM io.gapi.emulators.netty.HttpVersionRoutingHandler channelRead
INFO: Detected non-HTTP/2 connection.
 {"metadata":{"emulator":{"name":"firestore"},"message":"Dec 06, 2025 5:23:54 PM io.gapi.emulators.netty.HttpVersionRoutingHandler channelRead\r\nINFO: Detected non-HTTP/2 connection.\r\n"}}
[debug] [2025-12-06T08:23:54.084Z] Dec 06, 2025 5:23:54 PM io.gapi.emulators.netty.HttpVersionRoutingHandler channelRead
INFO: Detected non-HTTP/2 connection.
 {"metadata":{"emulator":{"name":"firestore"},"message":"Dec 06, 2025 5:23:54 PM io.gapi.emulators.netty.HttpVersionRoutingHandler channelRead\r\nINFO: Detected non-HTTP/2 connection.\r\n"}}
[debug] [2025-12-06T08:24:02.750Z] Dec 06, 2025 5:24:02 PM io.gapi.emulators.netty.HttpVersionRoutingHandler channelRead
INFO: Detected non-HTTP/2 connection.
 {"metadata":{"emulator":{"name":"firestore"},"message":"Dec 06, 2025 5:24:02 PM io.gapi.emulators.netty.HttpVersionRoutingHandler channelRead\r\nINFO: Detected non-HTTP/2 connection.\r\n"}}
[debug] [2025-12-06T08:24:10.727Z] Dec 06, 2025 5:24:10 PM io.gapi.emulators.netty.HttpVersionRoutingHandler channelRead
INFO: Detected non-HTTP/2 connection.
 {"metadata":{"emulator":{"name":"firestore"},"message":"Dec 06, 2025 5:24:10 PM io.gapi.emulators.netty.HttpVersionRoutingHandler channelRead\r\nINFO: Detected non-HTTP/2 connection.\r\n"}}
[debug] [2025-12-06T08:24:10.742Z] Dec 06, 2025 5:24:10 PM io.gapi.emulators.netty.HttpVersionRoutingHandler channelRead
INFO: Detected non-HTTP/2 connection.
 {"metadata":{"emulator":{"name":"firestore"},"message":"Dec 06, 2025 5:24:10 PM io.gapi.emulators.netty.HttpVersionRoutingHandler channelRead\r\nINFO: Detected non-HTTP/2 connection.\r\n"}}
[debug] [2025-12-06T08:24:10.752Z] Dec 06, 2025 5:24:10 PM io.gapi.emulators.netty.HttpVersionRoutingHandler channelRead
INFO: Detected non-HTTP/2 connection.
 {"metadata":{"emulator":{"name":"firestore"},"message":"Dec 06, 2025 5:24:10 PM io.gapi.emulators.netty.HttpVersionRoutingHandler channelRead\r\nINFO: Detected non-HTTP/2 connection.\r\n"}}
[debug] [2025-12-06T08:24:25.267Z] Dec 06, 2025 5:24:25 PM io.gapi.emulators.netty.HttpVersionRoutingHandler channelRead
INFO: Detected non-HTTP/2 connection.
 {"metadata":{"emulator":{"name":"firestore"},"message":"Dec 06, 2025 5:24:25 PM io.gapi.emulators.netty.HttpVersionRoutingHandler channelRead\r\nINFO: Detected non-HTTP/2 connection.\r\n"}}
[debug] [2025-12-06T08:24:25.285Z] Dec 06, 2025 5:24:25 PM io.gapi.emulators.netty.HttpVersionRoutingHandler channelRead
INFO: Detected non-HTTP/2 connection.
 {"metadata":{"emulator":{"name":"firestore"},"message":"Dec 06, 2025 5:24:25 PM io.gapi.emulators.netty.HttpVersionRoutingHandler channelRead\r\nINFO: Detected non-HTTP/2 connection.\r\n"}}
[debug] [2025-12-06T08:24:25.293Z] Dec 06, 2025 5:24:25 PM io.gapi.emulators.netty.HttpVersionRoutingHandler channelRead
INFO: Detected non-HTTP/2 connection.
 {"metadata":{"emulator":{"name":"firestore"},"message":"Dec 06, 2025 5:24:25 PM io.gapi.emulators.netty.HttpVersionRoutingHandler channelRead\r\nINFO: Detected non-HTTP/2 connection.\r\n"}}
[debug] [2025-12-06T08:24:31.043Z] Dec 06, 2025 5:24:31 PM io.gapi.emulators.netty.HttpVersionRoutingHandler channelRead
INFO: Detected non-HTTP/2 connection.
 {"metadata":{"emulator":{"name":"firestore"},"message":"Dec 06, 2025 5:24:31 PM io.gapi.emulators.netty.HttpVersionRoutingHandler channelRead\r\nINFO: Detected non-HTTP/2 connection.\r\n"}}
[debug] [2025-12-06T08:26:57.961Z] Dec 06, 2025 5:26:57 PM io.gapi.emulators.netty.HttpVersionRoutingHandler channelRead
INFO: Detected non-HTTP/2 connection.
 {"metadata":{"emulator":{"name":"firestore"},"message":"Dec 06, 2025 5:26:57 PM io.gapi.emulators.netty.HttpVersionRoutingHandler channelRead\r\nINFO: Detected non-HTTP/2 connection.\r\n"}}
[debug] [2025-12-06T08:26:57.976Z] Dec 06, 2025 5:26:57 PM io.gapi.emulators.netty.HttpVersionRoutingHandler channelRead
INFO: Detected non-HTTP/2 connection.
 {"metadata":{"emulator":{"name":"firestore"},"message":"Dec 06, 2025 5:26:57 PM io.gapi.emulators.netty.HttpVersionRoutingHandler channelRead\r\nINFO: Detected non-HTTP/2 connection.\r\n"}}
[debug] [2025-12-06T08:26:57.984Z] Dec 06, 2025 5:26:57 PM io.gapi.emulators.netty.HttpVersionRoutingHandler channelRead
INFO: Detected non-HTTP/2 connection.
 {"metadata":{"emulator":{"name":"firestore"},"message":"Dec 06, 2025 5:26:57 PM io.gapi.emulators.netty.HttpVersionRoutingHandler channelRead\r\nINFO: Detected non-HTTP/2 connection.\r\n"}}
[debug] [2025-12-06T08:27:01.579Z] Dec 06, 2025 5:27:01 PM io.gapi.emulators.netty.HttpVersionRoutingHandler channelRead
INFO: Detected non-HTTP/2 connection.
 {"metadata":{"emulator":{"name":"firestore"},"message":"Dec 06, 2025 5:27:01 PM io.gapi.emulators.netty.HttpVersionRoutingHandler channelRead\r\nINFO: Detected non-HTTP/2 connection.\r\n"}}
[debug] [2025-12-06T08:27:16.483Z] Dec 06, 2025 5:27:16 PM io.gapi.emulators.netty.HttpVersionRoutingHandler channelRead
INFO: Detected non-HTTP/2 connection.
 {"metadata":{"emulator":{"name":"firestore"},"message":"Dec 06, 2025 5:27:16 PM io.gapi.emulators.netty.HttpVersionRoutingHandler channelRead\r\nINFO: Detected non-HTTP/2 connection.\r\n"}}
[debug] [2025-12-06T08:27:16.497Z] Dec 06, 2025 5:27:16 PM io.gapi.emulators.netty.HttpVersionRoutingHandler channelRead
INFO: Detected non-HTTP/2 connection.
 {"metadata":{"emulator":{"name":"firestore"},"message":"Dec 06, 2025 5:27:16 PM io.gapi.emulators.netty.HttpVersionRoutingHandler channelRead\r\nINFO: Detected non-HTTP/2 connection.\r\n"}}
[debug] [2025-12-06T08:27:16.506Z] Dec 06, 2025 5:27:16 PM io.gapi.emulators.netty.HttpVersionRoutingHandler channelRead
INFO: Detected non-HTTP/2 connection.
 {"metadata":{"emulator":{"name":"firestore"},"message":"Dec 06, 2025 5:27:16 PM io.gapi.emulators.netty.HttpVersionRoutingHandler channelRead\r\nINFO: Detected non-HTTP/2 connection.\r\n"}}
[debug] [2025-12-06T08:27:25.671Z] Dec 06, 2025 5:27:25 PM io.gapi.emulators.netty.HttpVersionRoutingHandler channelRead
INFO: Detected non-HTTP/2 connection.
 {"metadata":{"emulator":{"name":"firestore"},"message":"Dec 06, 2025 5:27:25 PM io.gapi.emulators.netty.HttpVersionRoutingHandler channelRead\r\nINFO: Detected non-HTTP/2 connection.\r\n"}}
[debug] [2025-12-06T08:27:36.829Z] Dec 06, 2025 5:27:36 PM io.netty.channel.DefaultChannelPipeline onUnhandledInboundException
WARNING: An exceptionCaught() event was fired, and it reached at the tail of the pipeline. It usually means the last handler in the pipeline did not handle the exception.
java.net.SocketException: Connection reset
	at java.base/sun.nio.ch.SocketChannelImpl.throwConnectionReset(SocketChannelImpl.java:394)
	at java.base/sun.nio.ch.SocketChannelImpl.read(SocketChannelImpl.java:426)
	at io.netty.buffer.PooledByteBuf.setBytes(PooledByteBuf.java:255)
	at io.netty.buffer.AbstractByteBuf.writeBytes(AbstractByteBuf.java:1132)
	at io.netty.channel.socket.nio.NioSocketChannel.doReadBytes(NioSocketChannel.java:356)
	at io.netty.channel.nio.AbstractNioByteChannel$NioByteUnsafe.read(AbstractNioByteChannel.java:151)
	at io.netty.channel.nio.NioEventLoop.processSelectedKey(NioEventLoop.java:788)
	at io.netty.channel.nio.NioEventLoop.processSelectedKeysOptimized(NioEventLoop.java:724)
	at io.netty.channel.nio.NioEventLoop.processSelectedKeys(NioEventLoop.java:650)
	at io.netty.channel.nio.NioEventLoop.run(NioEventLoop.java:562)
	at io.netty.util.concurrent.SingleThreadEventExecutor$4.run(SingleThreadEventExecutor.java:994)
	at io.netty.util.internal.ThreadExecutorMap$2.run(ThreadExecutorMap.java:74)
	at io.netty.util.concurrent.FastThreadLocalRunnable.run(FastThreadLocalRunnable.java:30)
	at java.base/java.lang.Thread.run(Thread.java:840)

 {"metadata":{"emulator":{"name":"firestore"},"message":"Dec 06, 2025 5:27:36 PM io.netty.channel.DefaultChannelPipeline onUnhandledInboundException\r\nWARNING: An exceptionCaught() event was fired, and it reached at the tail of the pipeline. It usually means the last handler in the pipeline did not handle the exception.\r\njava.net.SocketException: Connection reset\r\n\tat java.base/sun.nio.ch.SocketChannelImpl.throwConnectionReset(SocketChannelImpl.java:394)\r\n\tat java.base/sun.nio.ch.SocketChannelImpl.read(SocketChannelImpl.java:426)\r\n\tat io.netty.buffer.PooledByteBuf.setBytes(PooledByteBuf.java:255)\r\n\tat io.netty.buffer.AbstractByteBuf.writeBytes(AbstractByteBuf.java:1132)\r\n\tat io.netty.channel.socket.nio.NioSocketChannel.doReadBytes(NioSocketChannel.java:356)\r\n\tat io.netty.channel.nio.AbstractNioByteChannel$NioByteUnsafe.read(AbstractNioByteChannel.java:151)\r\n\tat io.netty.channel.nio.NioEventLoop.processSelectedKey(NioEventLoop.java:788)\r\n\tat io.netty.channel.nio.NioEventLoop.processSelectedKeysOptimized(NioEventLoop.java:724)\r\n\tat io.netty.channel.nio.NioEventLoop.processSelectedKeys(NioEventLoop.java:650)\r\n\tat io.netty.channel.nio.NioEventLoop.run(NioEventLoop.java:562)\r\n\tat io.netty.util.concurrent.SingleThreadEventExecutor$4.run(SingleThreadEventExecutor.java:994)\r\n\tat io.netty.util.internal.ThreadExecutorMap$2.run(ThreadExecutorMap.java:74)\r\n\tat io.netty.util.concurrent.FastThreadLocalRunnable.run(FastThreadLocalRunnable.java:30)\r\n\tat java.base/java.lang.Thread.run(Thread.java:840)\r\n\r\n"}}
